e:\code\webot\prj\controllers\simply_spider_controller\x64\release\vc143.pdb
e:\code\webot\prj\controllers\simply_spider_controller\x64\release\motion.obj
e:\code\webot\prj\controllers\simply_spider_controller\x64\release\lightsensor.obj
e:\code\webot\prj\controllers\simply_spider_controller\x64\release\lidar.obj
e:\code\webot\prj\controllers\simply_spider_controller\x64\release\led.obj
e:\code\webot\prj\controllers\simply_spider_controller\x64\release\keyboard.obj
e:\code\webot\prj\controllers\simply_spider_controller\x64\release\joystick.obj
e:\code\webot\prj\controllers\simply_spider_controller\x64\release\inertialunit.obj
e:\code\webot\prj\controllers\simply_spider_controller\x64\release\gyro.obj
e:\code\webot\prj\controllers\simply_spider_controller\x64\release\gps.obj
e:\code\webot\prj\controllers\simply_spider_controller\x64\release\field.obj
e:\code\webot\prj\controllers\simply_spider_controller\x64\release\emitter.obj
e:\code\webot\prj\controllers\simply_spider_controller\x64\release\distancesensor.obj
e:\code\webot\prj\controllers\simply_spider_controller\x64\release\display.obj
e:\code\webot\prj\controllers\simply_spider_controller\x64\release\device.obj
e:\code\webot\prj\controllers\simply_spider_controller\x64\release\connector.obj
e:\code\webot\prj\controllers\simply_spider_controller\x64\release\compass.obj
e:\code\webot\prj\controllers\simply_spider_controller\x64\release\camera.obj
e:\code\webot\prj\controllers\simply_spider_controller\x64\release\brake.obj
e:\code\webot\prj\controllers\simply_spider_controller\x64\release\altimeter.obj
e:\code\webot\prj\controllers\simply_spider_controller\x64\release\accelerometer.obj
e:\code\webot\prj\controllers\simply_spider_controller\x64\release\simply_spider_controller.obj
e:\code\webot\prj\controllers\simply_spider_controller\x64\release\vacuumgripper.obj
e:\code\webot\prj\controllers\simply_spider_controller\x64\release\touchsensor.obj
e:\code\webot\prj\controllers\simply_spider_controller\x64\release\supervisor.obj
e:\code\webot\prj\controllers\simply_spider_controller\x64\release\speaker.obj
e:\code\webot\prj\controllers\simply_spider_controller\x64\release\skin.obj
e:\code\webot\prj\controllers\simply_spider_controller\x64\release\robot.obj
e:\code\webot\prj\controllers\simply_spider_controller\x64\release\receiver.obj
e:\code\webot\prj\controllers\simply_spider_controller\x64\release\rangefinder.obj
e:\code\webot\prj\controllers\simply_spider_controller\x64\release\radar.obj
e:\code\webot\prj\controllers\simply_spider_controller\x64\release\positionsensor.obj
e:\code\webot\prj\controllers\simply_spider_controller\x64\release\pen.obj
e:\code\webot\prj\controllers\simply_spider_controller\x64\release\node.obj
e:\code\webot\prj\controllers\simply_spider_controller\x64\release\mouse.obj
e:\code\webot\prj\controllers\simply_spider_controller\x64\release\motor.obj
e:\code\webot\prj\controllers\simply_spider_controller\x64\release\my_math.obj
e:\code\webot\prj\controllers\simply_spider_controller\x64\release\leg.obj
e:\code\webot\prj\controllers\simply_spider_controller\x64\release\gait_prg.obj
e:\code\webot\prj\controllers\simply_spider_controller\simply_spider_controller.exe
e:\code\webot\prj\controllers\simply_spider_controller\x64\release\simply_spider_controller.ipdb
e:\code\webot\prj\controllers\simply_spider_controller\simply_spider_controller.pdb
e:\code\webot\prj\controllers\simply_spider_controller\x64\release\simply_spider_controller.iobj
e:\code\webot\prj\controllers\simply_spider_controller\x64\release\simply_s.b2aa53b0.tlog\cl.command.1.tlog
e:\code\webot\prj\controllers\simply_spider_controller\x64\release\simply_s.b2aa53b0.tlog\cl.read.1.tlog
e:\code\webot\prj\controllers\simply_spider_controller\x64\release\simply_s.b2aa53b0.tlog\cl.write.1.tlog
e:\code\webot\prj\controllers\simply_spider_controller\x64\release\simply_s.b2aa53b0.tlog\link.command.1.tlog
e:\code\webot\prj\controllers\simply_spider_controller\x64\release\simply_s.b2aa53b0.tlog\link.read.1.tlog
e:\code\webot\prj\controllers\simply_spider_controller\x64\release\simply_s.b2aa53b0.tlog\link.write.1.tlog
